<?xml version="1.0" encoding="UTF-8"?>
<testng-results ignored="0" total="1" passed="1" failed="0" skipped="0">
  <reporter-output>
  </reporter-output>
  <suite started-at="2019-01-12T23:32:26Z" name="com.crypto.symmetric.SymmetricEncryptionTest" finished-at="2019-01-12T23:32:26Z" duration-ms="87">
    <groups>
    </groups>
    <test started-at="2019-01-12T23:32:26Z" name="Command line test" finished-at="2019-01-12T23:32:26Z" duration-ms="87">
      <class name="com.crypto.symmetric.SymmetricEncryptionTest">
        <test-method signature="testCreateAESKey()[pri:0, instance:com.crypto.symmetric.SymmetricEncryptionTest@2ef3eef9]" started-at="2019-01-12T23:32:26Z" name="testCreateAESKey" finished-at="2019-01-12T23:32:26Z" duration-ms="69" status="PASS">
          <reporter-output>
          </reporter-output>
        </test-method> <!-- testCreateAESKey -->
      </class> <!-- com.crypto.symmetric.SymmetricEncryptionTest -->
    </test> <!-- Command line test -->
  </suite> <!-- com.crypto.symmetric.SymmetricEncryptionTest -->
</testng-results>
